#
# There is insufficient memory for the Java Runtime Environment to continue.
# Native memory allocation (mmap) failed to map 12582912 bytes for G1 virtual space
# Possible reasons:
#   The system is out of physical RAM or swap space
#   The process is running with CompressedOops enabled, and the Java Heap may be blocking the growth of the native heap
# Possible solutions:
#   Reduce memory load on the system
#   Increase physical memory or swap space
#   Check if swap backing store is full
#   Decrease Java heap size (-Xmx/-Xms)
#   Decrease number of Java threads
#   Decrease Java thread stack sizes (-Xss)
#   Set larger code cache with -XX:ReservedCodeCacheSize=
#   JVM is running with Unscaled Compressed Oops mode in which the Java heap is
#     placed in the first 4GB address space. The Java Heap base address is the
#     maximum limit for the native heap growth. Please use -XX:HeapBaseMinAddress
#     to set the Java Heap base and to place the Java Heap above 4GB virtual address.
# This output file may be truncated or incomplete.
#
#  Out of Memory Error (os_windows.cpp:3550), pid=7548, tid=8100
#
# JRE version:  (17.0.8+9) (build )
# Java VM: Java HotSpot(TM) 64-Bit Server VM (17.0.8+9-LTS-211, mixed mode, emulated-client, sharing, tiered, compressed oops, compressed class ptrs, g1 gc, windows-amd64)
# No core dump will be written. Minidumps are not enabled by default on client versions of Windows
#

---------------  S U M M A R Y ------------

Command Line: -Denv=development -Dfull.stacktrace=false -Dgrails.env=development -Dgrails.full.stacktrace=false -Dinfo.app.grailsVersion=6.0.0 -Dinfo.app.name=contacts-book -Dinfo.app.version=0.1 -Dinteractive.mode.enabled=true -Dmanagement.endpoints.shutdown.enabled=true -Drun.active=true -Dspring.output.ansi.enabled=always -Dspring.profiles.active -Dverbose=false -XX:+TieredCompilation -XX:TieredStopAtLevel=1 -XX:CICompilerCount=3 -Xverify:none -XX:TieredStopAtLevel=1 -XX:TieredStopAtLevel=1 -Xms768m -Xmx1024m -Dfile.encoding=UTF-8 -Duser.country=BR -Duser.language=pt -Duser.variant contacts.book.Application

Host: AMD Ryzen 3 3200G with Radeon Vega Graphics    , 4 cores, 5G,  Windows 10 , 64 bit Build 19041 (10.0.19041.3155)
Time: Tue Aug 29 17:45:12 2023 Hora oficial do Brasil elapsed time: 0.028558 seconds (0d 0h 0m 0s)

---------------  T H R E A D  ---------------

Current thread (0x000001610d62bc10):  JavaThread "Unknown thread" [_thread_in_vm, id=8100, stack(0x0000002491f00000,0x0000002492000000)]

Stack: [0x0000002491f00000,0x0000002492000000]
Native frames: (J=compiled Java code, j=interpreted, Vv=VM code, C=native code)
V  [jvm.dll+0x677d0a]
V  [jvm.dll+0x7d8c54]
V  [jvm.dll+0x7da3fe]
V  [jvm.dll+0x7daa63]
V  [jvm.dll+0x245c5f]
V  [jvm.dll+0x674bb9]
V  [jvm.dll+0x6694f2]
V  [jvm.dll+0x3031d6]
V  [jvm.dll+0x30a756]
V  [jvm.dll+0x359fb3]
V  [jvm.dll+0x35a1cf]
V  [jvm.dll+0x2da3e8]
V  [jvm.dll+0x2db354]
V  [jvm.dll+0x7aa711]
V  [jvm.dll+0x367b51]
V  [jvm.dll+0x789979]
V  [jvm.dll+0x3eb05f]
V  [jvm.dll+0x3ecae1]
C  [jli.dll+0x5297]
C  [ucrtbase.dll+0x21bb2]
C  [KERNEL32.DLL+0x17614]
C  [ntdll.dll+0x526b1]


---------------  P R O C E S S  ---------------

Threads class SMR info:
_java_thread_list=0x00007fff4b0759d8, length=0, elements={
}

Java Threads: ( => current thread )

Other Threads:
  0x000001610d668a60 GCTaskThread "GC Thread#0" [stack: 0x0000002492000000,0x0000002492100000] [id=6124]
  0x000001610d671750 ConcurrentGCThread "G1 Main Marker" [stack: 0x0000002492100000,0x0000002492200000] [id=3336]
  0x000001610d671f10 ConcurrentGCThread "G1 Conc#0" [stack: 0x0000002492200000,0x0000002492300000] [id=6160]

[error occurred during error reporting (printing all threads), id 0xc0000005, EXCEPTION_ACCESS_VIOLATION (0xc0000005) at pc=0x00007fff4a8ab047]

VM state: not at safepoint (not fully initialized)

VM Mutex/Monitor currently owned by a thread:  ([mutex/lock_event])
[0x000001610d625e60] Heap_lock - owner thread: 0x000001610d62bc10

Heap address: 0x00000000c0000000, size: 1024 MB, Compressed Oops mode: 32-bit

CDS archive(s) mapped at: [0x0000000000000000-0x0000000000000000-0x0000000000000000), size 0, SharedBaseAddress: 0x0000000800000000, ArchiveRelocationMode: 1.
Narrow klass base: 0x0000000000000000, Narrow klass shift: 0, Narrow klass range: 0x0

GC Precious Log:
<Empty>

Heap:
 garbage-first heap   total 0K, used 0K [0x00000000c0000000, 0x0000000100000000)
  region size 1024K, 0 young (0K), 0 survivors (0K)

[error occurred during error reporting (printing heap information), id 0xc0000005, EXCEPTION_ACCESS_VIOLATION (0xc0000005) at pc=0x00007fff4ac91499]

GC Heap History (0 events):
No events

Deoptimization events (0 events):
No events

Classes unloaded (0 events):
No events

Classes redefined (0 events):
No events

Internal exceptions (0 events):
No events

VM Operations (0 events):
No events

Events (1 events):
Event: 0.009 Loaded shared library C:\development\jdk-17.0.8\bin\java.dll


Dynamic libraries:
0x00007ff75e9d0000 - 0x00007ff75e9e0000 	C:\development\jdk-17.0.8\bin\java.exe
0x00007fff7e0d0000 - 0x00007fff7e2c8000 	C:\Windows\SYSTEM32\ntdll.dll
0x00007fff7da50000 - 0x00007fff7db0f000 	C:\Windows\System32\KERNEL32.DLL
0x00007fff7baa0000 - 0x00007fff7bd96000 	C:\Windows\System32\KERNELBASE.dll
0x00007fff7bf00000 - 0x00007fff7c000000 	C:\Windows\System32\ucrtbase.dll
0x00007fff6a5a0000 - 0x00007fff6a5b9000 	C:\development\jdk-17.0.8\bin\jli.dll
0x00007fff6a580000 - 0x00007fff6a59b000 	C:\development\jdk-17.0.8\bin\VCRUNTIME140.dll
0x00007fff7d970000 - 0x00007fff7da1f000 	C:\Windows\System32\ADVAPI32.dll
0x00007fff7dde0000 - 0x00007fff7de7e000 	C:\Windows\System32\msvcrt.dll
0x00007fff7c930000 - 0x00007fff7c9cc000 	C:\Windows\System32\sechost.dll
0x00007fff7c9e0000 - 0x00007fff7cb06000 	C:\Windows\System32\RPCRT4.dll
0x00007fff7dc40000 - 0x00007fff7dddd000 	C:\Windows\System32\USER32.dll
0x00007fff7c000000 - 0x00007fff7c022000 	C:\Windows\System32\win32u.dll
0x00007fff7da20000 - 0x00007fff7da4c000 	C:\Windows\System32\GDI32.dll
0x00007fff7b7b0000 - 0x00007fff7b8c5000 	C:\Windows\System32\gdi32full.dll
0x00007fff7b940000 - 0x00007fff7b9dd000 	C:\Windows\System32\msvcp_win.dll
0x00007fff64040000 - 0x00007fff642da000 	C:\Windows\WinSxS\amd64_microsoft.windows.common-controls_6595b64144ccf1df_6.0.19041.1110_none_60b5254171f9507e\COMCTL32.dll
0x00007fff73a20000 - 0x00007fff73a2a000 	C:\Windows\SYSTEM32\VERSION.dll
0x00007fff7cb70000 - 0x00007fff7cba0000 	C:\Windows\System32\IMM32.DLL
0x00007fff67c10000 - 0x00007fff67c1c000 	C:\development\jdk-17.0.8\bin\vcruntime140_1.dll
0x00007fff5ef20000 - 0x00007fff5efae000 	C:\development\jdk-17.0.8\bin\msvcp140.dll
0x00007fff4a5c0000 - 0x00007fff4b19e000 	C:\development\jdk-17.0.8\bin\server\jvm.dll
0x00007fff7d590000 - 0x00007fff7d598000 	C:\Windows\System32\PSAPI.DLL
0x00007fff77450000 - 0x00007fff77459000 	C:\Windows\SYSTEM32\WSOCK32.dll
0x00007fff7d5a0000 - 0x00007fff7d60b000 	C:\Windows\System32\WS2_32.dll
0x00007fff70b60000 - 0x00007fff70b87000 	C:\Windows\SYSTEM32\WINMM.dll
0x00007fff79670000 - 0x00007fff79682000 	C:\Windows\SYSTEM32\kernel.appcore.dll
0x00007fff67bf0000 - 0x00007fff67bfa000 	C:\development\jdk-17.0.8\bin\jimage.dll
0x00007fff74a60000 - 0x00007fff74c44000 	C:\Windows\SYSTEM32\DBGHELP.DLL
0x00007fff6c530000 - 0x00007fff6c564000 	C:\Windows\SYSTEM32\dbgcore.DLL
0x00007fff7ba10000 - 0x00007fff7ba92000 	C:\Windows\System32\bcryptPrimitives.dll
0x00007fff66ea0000 - 0x00007fff66ec5000 	C:\development\jdk-17.0.8\bin\java.dll

dbghelp: loaded successfully - version: 4.0.5 - missing functions: none
symbol engine: initialized successfully - sym options: 0x614 - pdb path: .;C:\development\jdk-17.0.8\bin;C:\Windows\SYSTEM32;C:\Windows\WinSxS\amd64_microsoft.windows.common-controls_6595b64144ccf1df_6.0.19041.1110_none_60b5254171f9507e;C:\development\jdk-17.0.8\bin\server

VM Arguments:
jvm_args: -Denv=development -Dfull.stacktrace=false -Dgrails.env=development -Dgrails.full.stacktrace=false -Dinfo.app.grailsVersion=6.0.0 -Dinfo.app.name=contacts-book -Dinfo.app.version=0.1 -Dinteractive.mode.enabled=true -Dmanagement.endpoints.shutdown.enabled=true -Drun.active=true -Dspring.output.ansi.enabled=always -Dspring.profiles.active -Dverbose=false -XX:+TieredCompilation -XX:TieredStopAtLevel=1 -XX:CICompilerCount=3 -Xverify:none -XX:TieredStopAtLevel=1 -XX:TieredStopAtLevel=1 -Xms768m -Xmx1024m -Dfile.encoding=UTF-8 -Duser.country=BR -Duser.language=pt -Duser.variant 
java_command: contacts.book.Application
java_class_path (initial): C:\Users\cvito\OneDrive\Documentos\Projetos Pessoais\projeto_intersistemas\contacts-book\src\main\resources;C:\Users\cvito\OneDrive\Documentos\Projetos Pessoais\projeto_intersistemas\contacts-book\grails-app\views;C:\Users\cvito\OneDrive\Documentos\Projetos Pessoais\projeto_intersistemas\contacts-book\grails-app\i18n;C:\Users\cvito\OneDrive\Documentos\Projetos Pessoais\projeto_intersistemas\contacts-book\grails-app\conf;C:\Users\cvito\OneDrive\Documentos\Projetos Pessoais\projeto_intersistemas\contacts-book\build\classes\java\main;C:\Users\cvito\OneDrive\Documentos\Projetos Pessoais\projeto_intersistemas\contacts-book\build\classes\groovy\main;C:\Users\cvito\OneDrive\Documentos\Projetos Pessoais\projeto_intersistemas\contacts-book\gsp-classes;C:\Users\cvito\.gradle\caches\modules-2\files-2.1\org.grails\grails-logging\6.0.0\fdb60325efeec77ed5a1c4c5827d3e5d70b3c6af\grails-logging-6.0.0.jar;C:\Users\cvito\.gradle\caches\modules-2\files-2.1\org.grails.plugins\scaffolding\5.0.0\1ef3dcbadb16a5a69e6706e54063e705540226a7\scaffolding-5.0.0-plain.jar;C:\Users\cvito\.gradle\caches\modules-2\files-2.1\org.grails\grails-plugin-databinding\6.0.0\6b1d222a950fbee89e573f640498695e76c5e604\grails-plugin-databinding-6.0.0.jar;C:\Users\cvito\.gradle\caches\modules-2\files-2.1\org.grails\grails-plugin-services\6.0.0\c12e21f64c6b1344ccff02eb283edd92307030ee\grails-plugin-services-6.0.0.jar;C:\Users\cvito\.gradle\caches\modules-2\files-2.1\org.grails.plugins\async\4.0.0\41a4a5a76032ae71d77ce7a9722986ae5a42af04\async-4.0.0.jar;C:\Users\cvito\.gradle\caches\modules-2\files-2.1\org.grails.plugins\events\4.0.0\6e906b9ec9dfd168a82aaf2858da65c2eb451b37\events-4.0.0.jar;C:\Users\cvito\.gradle\caches\modules-2\files-2.1\org.grails\grails-web-boot\6.0.0\1f783c880a1ed20e56b190a55ae433bb660d3cd3\grails-web-boot-6.0.0.jar;C:\Users\cvito\.gradle\caches\modules-2\files-2.1\org.grails\grails-plugin-rest\6.0.0\8af28d45f464c256430c399c8788d0cded7b4493\grails-plugin-rest-6.0.0.
Launcher Type: SUN_STANDARD

[Global flags]
     intx CICompilerCount                          = 3                                         {product} {command line}
     uint ConcGCThreads                            = 1                                         {product} {ergonomic}
     uint G1ConcRefinementThreads                  = 4                                         {product} {ergonomic}
   size_t G1HeapRegionSize                         = 1048576                                   {product} {ergonomic}
    uintx GCDrainStackTargetSize                   = 64                                        {product} {ergonomic}
   size_t InitialHeapSize                          = 805306368                                 {product} {command line}
   size_t MarkStackSize                            = 4194304                                   {product} {ergonomic}
   size_t MaxHeapSize                              = 1073741824                                {product} {command line}
   size_t MinHeapDeltaBytes                        = 1048576                                   {product} {ergonomic}
   size_t MinHeapSize                              = 805306368                                 {product} {command line}
    uintx NonProfiledCodeHeapSize                  = 0                                      {pd product} {ergonomic}
     bool ProfileInterpreter                       = false                                  {pd product} {command line}
    uintx ProfiledCodeHeapSize                     = 0                                      {pd product} {ergonomic}
   size_t SoftMaxHeapSize                          = 1073741824                             {manageable} {ergonomic}
     bool TieredCompilation                        = true                                   {pd product} {command line}
     intx TieredStopAtLevel                        = 1                                         {product} {command line}
     bool UseCompressedClassPointers               = true                           {product lp64_product} {ergonomic}
     bool UseCompressedOops                        = true                           {product lp64_product} {ergonomic}
     bool UseG1GC                                  = true                                      {product} {ergonomic}
     bool UseLargePagesIndividualAllocation        = false                                  {pd product} {ergonomic}

Logging:
Log output configuration:
 #0: stdout all=warning uptime,level,tags
 #1: stderr all=off uptime,level,tags

Environment Variables:
JAVA_HOME=C:\development\jdk-17.0.8
CLASSPATH=C:\development\grails-6.0.0\dist\grails-shell-6.0.0.jar;C:\development\grails-6.0.0\dist\grails-bootstrap-6.0.0.jar;C:\development\grails-6.0.0\dist\grails-gradle-model-6.0.0.jar;C:\development\grails-6.0.0\lib\org.codehaus.groovy\groovy-ant\jars\groovy-ant-3.0.11.jar;C:\development\grails-6.0.0\lib\org.codehaus.groovy\groovy-json\jars\groovy-json-3.0.11.jar;C:\development\grails-6.0.0\lib\org.codehaus.groovy\groovy-jmx\jars\groovy-jmx-3.0.11.jar;C:\development\grails-6.0.0\lib\org.codehaus.groovy\groovy-templates\jars\groovy-templates-3.0.11.jar;C:\development\grails-6.0.0\lib\org.codehaus.groovy\groovy-xml\jars\groovy-xml-3.0.11.jar;C:\development\grails-6.0.0\lib\org.codehaus.groovy\groovy\jars\groovy-3.0.11.jar;C:\development\grails-6.0.0\lib\org.slf4j\jcl-over-slf4j\jars\jcl-over-slf4j-1.7.36.jar;C:\development\grails-6.0.0\lib\org.gradle\gradle-tooling-api\jars\gradle-tooling-api-7.3-20210825160000+0000.jar;C:\development\grails-6.0.0\lib\org.springframework.boot\spring-boot-cli\jars\spring-boot-cli-2.7.12.jar;C:\development\grails-6.0.0\lib\org.apache.maven.resolver\maven-resolver-connector-basic\jars\maven-resolver-connector-basic-1.9.13.jar;C:\development\grails-6.0.0\lib\org.apache.maven\maven-resolver-provider\jars\maven-resolver-provider-3.8.3.jar;C:\development\grails-6.0.0\lib\org.apache.maven.resolver\maven-resolver-impl\jars\maven-resolver-impl-1.9.13.jar;C:\development\grails-6.0.0\lib\org.apache.maven.resolver\maven-resolver-transport-file\jars\maven-resolver-transport-file-1.9.13.jar;C:\development\grails-6.0.0\lib\org.apache.maven.resolver\maven-resolver-transport-http\jars\maven-resolver-transport-http-1.9.13.jar;C:\development\grails-6.0.0\lib\org.slf4j\slf4j-simple\jars\slf4j-simple-1.7.36.jar;C:\development\grails-6.0.0\lib\io.micronaut\micronaut-inject\jars\micronaut-inject-3.9.3.jar;C:\development\grails-6.0.0\lib\org.apache.maven.resolver\maven-resolver-named-locks\jars\maven-resolver-named-locks-1.9.13.jar;C:\development\grails-6.0.0\li
PATH=C:\Program Files\Common Files\Oracle\Java\javapath;C:\Windows\system32;C:\Windows;C:\Windows\System32\Wbem;C:\Windows\System32\WindowsPowerShell\v1.0\;C:\Windows\System32\OpenSSH\;C:\Program Files\Git\cmd;C:\Program Files\nodejs\;C:\development\flutter\bin;C:\Users\cvito\AppData\Roaming\npm;C:\development\grails-6.0.0\bin;C:\Program Files\JetBrains\IntelliJ IDEA Community Edition 2023.2.1\bin;;C:\development\jdk-17.0.8\bin;
USERNAME=cvito
OS=Windows_NT
PROCESSOR_IDENTIFIER=AMD64 Family 23 Model 24 Stepping 1, AuthenticAMD



---------------  S Y S T E M  ---------------

OS:
 Windows 10 , 64 bit Build 19041 (10.0.19041.3155)
OS uptime: 0 days 0:51 hours

CPU: total 4 (initial active 4) (4 cores per cpu, 1 threads per core) family 23 model 24 stepping 1 microcode 0x0, cx8, cmov, fxsr, mmx, 3dnowpref, sse, sse2, sse3, ssse3, sse4a, sse4.1, sse4.2, popcnt, lzcnt, tsc, tscinvbit, avx, avx2, aes, clmul, bmi1, bmi2, adx, sha, fma, vzeroupper, clflush, clflushopt

Memory: 4k page, system-wide physical 6092M (375M free)
TotalPageFile size 9691M (AvailPageFile size 14M)
current process WorkingSet (physical memory assigned to process): 10M, peak: 10M
current process commit charge ("private bytes"): 816M, peak: 828M

vm_info: Java HotSpot(TM) 64-Bit Server VM (17.0.8+9-LTS-211) for windows-amd64 JRE (17.0.8+9-LTS-211), built on Jun 14 2023 10:34:31 by "mach5one" with MS VC++ 17.1 (VS2022)

END.
